
PLAY [install LAMP-WP stack] *********************************************************************************************************************************************************

TASK [copy nginx.repo] ***************************************************************************************************************************************************************
Friday 18 March 2022  11:30:09 +0300 (0:00:00.112)       0:00:00.112 ********** 
changed: [tensor]

TASK [nginx : copy epel-repo] ********************************************************************************************************************************************************
Friday 18 March 2022  11:30:10 +0300 (0:00:01.112)       0:00:01.225 ********** 
changed: [tensor]

TASK [nginx : update packages] *******************************************************************************************************************************************************
Friday 18 March 2022  11:30:11 +0300 (0:00:00.476)       0:00:01.702 ********** 
ok: [tensor]

TASK [install nginx] *****************************************************************************************************************************************************************
Friday 18 March 2022  11:30:35 +0300 (0:00:24.240)       0:00:25.942 ********** 
changed: [tensor]

TASK [copy main nginx config file] ***************************************************************************************************************************************************
Friday 18 March 2022  11:31:31 +0300 (0:00:56.601)       0:01:22.544 ********** 
changed: [tensor]

TASK [copy default nginx config file] ************************************************************************************************************************************************
Friday 18 March 2022  11:31:32 +0300 (0:00:00.520)       0:01:23.064 ********** 
ok: [tensor]

TASK [copy site's nginx config file] *************************************************************************************************************************************************
Friday 18 March 2022  11:31:33 +0300 (0:00:00.836)       0:01:23.901 ********** 
changed: [tensor]

TASK [nginx : copy index.html] *******************************************************************************************************************************************************
Friday 18 March 2022  11:31:33 +0300 (0:00:00.518)       0:01:24.419 ********** 
changed: [tensor]

TASK [insert firewalld rule for nginx] ***********************************************************************************************************************************************
Friday 18 March 2022  11:31:34 +0300 (0:00:00.563)       0:01:24.983 ********** 
ok: [tensor]

TASK [nginx : Install the pyOpenSSL] *************************************************************************************************************************************************
Friday 18 March 2022  11:31:35 +0300 (0:00:01.129)       0:01:26.113 ********** 
ok: [tensor]

TASK [nginx : Install openssl] *******************************************************************************************************************************************************
Friday 18 March 2022  11:31:37 +0300 (0:00:01.956)       0:01:28.069 ********** 
ok: [tensor]

TASK [nginx : Create a folder for csr] ***********************************************************************************************************************************************
Friday 18 March 2022  11:31:41 +0300 (0:00:04.304)       0:01:32.374 ********** 
changed: [tensor]

TASK [nginx : Create a folder for key] ***********************************************************************************************************************************************
Friday 18 March 2022  11:31:42 +0300 (0:00:00.300)       0:01:32.674 ********** 
changed: [tensor]

TASK [nginx : Create a folder for certs] *********************************************************************************************************************************************
Friday 18 March 2022  11:31:42 +0300 (0:00:00.315)       0:01:32.990 ********** 
changed: [tensor]

TASK [nginx : open tcp-443 on firewalld] *********************************************************************************************************************************************
Friday 18 March 2022  11:31:42 +0300 (0:00:00.315)       0:01:33.305 ********** 
ok: [tensor]

TASK [nginx : Generate an OpenSSL private key] ***************************************************************************************************************************************
Friday 18 March 2022  11:31:43 +0300 (0:00:00.765)       0:01:34.071 ********** 
changed: [tensor]

TASK [nginx : Generate CSR] **********************************************************************************************************************************************************
Friday 18 March 2022  11:31:44 +0300 (0:00:01.430)       0:01:35.501 ********** 
changed: [tensor]

TASK [nginx : Generate a self-signed certificate] ************************************************************************************************************************************
Friday 18 March 2022  11:31:45 +0300 (0:00:00.966)       0:01:36.467 ********** 
changed: [tensor]

TASK [ensure nginx is enabled and started] *******************************************************************************************************************************************
Friday 18 March 2022  11:31:47 +0300 (0:00:01.313)       0:01:37.780 ********** 
changed: [tensor]

TASK [Restart nginx] *****************************************************************************************************************************************************************
Friday 18 March 2022  11:31:48 +0300 (0:00:01.238)       0:01:39.019 ********** 
changed: [tensor]

TASK [nginx : Wait for Nginx] ********************************************************************************************************************************************************
Friday 18 March 2022  11:31:48 +0300 (0:00:00.517)       0:01:39.536 ********** 
ok: [tensor]

TASK [php-fpm : Copy remi-php74.repo] ************************************************************************************************************************************************
Friday 18 March 2022  11:31:49 +0300 (0:00:00.596)       0:01:40.133 ********** 
changed: [tensor]

TASK [php-fpm : Copy remi-safe.repo] *************************************************************************************************************************************************
Friday 18 March 2022  11:31:50 +0300 (0:00:00.504)       0:01:40.638 ********** 
changed: [tensor]

TASK [php-fpm : Install packages] ****************************************************************************************************************************************************
Friday 18 March 2022  11:31:50 +0300 (0:00:00.504)       0:01:41.142 ********** 
changed: [tensor] => (item=php-common)
changed: [tensor] => (item=php-xml)
changed: [tensor] => (item=php-xmlrpc)
ok: [tensor] => (item=php-curl)
ok: [tensor] => (item=php-dom)
ok: [tensor] => (item=php-exif)
ok: [tensor] => (item=php-fileinfo)
changed: [tensor] => (item=php-fpm)
changed: [tensor] => (item=php-imagick)
changed: [tensor] => (item=php-gd)
ok: [tensor] => (item=php-hash)
ok: [tensor] => (item=php-json)
changed: [tensor] => (item=php-mbstring)
changed: [tensor] => (item=php-mysql)
changed: [tensor] => (item=php)

TASK [php-fpm : Delete www.conf] *****************************************************************************************************************************************************
Friday 18 March 2022  11:34:18 +0300 (0:02:27.433)       0:04:08.575 ********** 
changed: [tensor]

TASK [Copy wordpress.conf from files to /etc/php-fpm.d/wordpress.conf] ***************************************************************************************************************
Friday 18 March 2022  11:34:18 +0300 (0:00:00.320)       0:04:08.896 ********** 
changed: [tensor]

TASK [Install 'mariadb-server' and 'MySQL-python' packages] **************************************************************************************************************************
Friday 18 March 2022  11:34:18 +0300 (0:00:00.487)       0:04:09.383 ********** 
changed: [tensor]

TASK [mariadb : open tcp-3306 on firewalld] ******************************************************************************************************************************************
Friday 18 March 2022  11:34:49 +0300 (0:00:30.994)       0:04:40.377 ********** 
ok: [tensor]

TASK [Ensure 'mariadb' service is started and enabled] *******************************************************************************************************************************
Friday 18 March 2022  11:34:50 +0300 (0:00:00.784)       0:04:41.162 ********** 
changed: [tensor]

TASK [mariadb : Wait for MariaDB] ****************************************************************************************************************************************************
Friday 18 March 2022  11:34:55 +0300 (0:00:04.881)       0:04:46.043 ********** 
ok: [tensor]

TASK [mariadb : Create "wordpress_db"  database] *************************************************************************************************************************************
Friday 18 March 2022  11:34:55 +0300 (0:00:00.351)       0:04:46.395 ********** 
changed: [tensor]

TASK [mariadb : Create database user "{{ db_user }}" with "{{ db_pass }}" and "{{ db_name }}".*:ALL privelege] ***********************************************************************
Friday 18 March 2022  11:34:56 +0300 (0:00:00.704)       0:04:47.100 ********** 
changed: [tensor]

TASK [mariadb : Remove all anonymous user accounts] **********************************************************************************************************************************
Friday 18 March 2022  11:34:57 +0300 (0:00:00.791)       0:04:47.891 ********** 
changed: [tensor]

TASK [mariadb : Change mysql root password] ******************************************************************************************************************************************
Friday 18 March 2022  11:34:58 +0300 (0:00:00.729)       0:04:48.621 ********** 
changed: [tensor]

TASK [Add linux group "wordpress"] ***************************************************************************************************************************************************
Friday 18 March 2022  11:34:58 +0300 (0:00:00.327)       0:04:48.949 ********** 
changed: [tensor]

TASK [wordpress : Create a wp user] **************************************************************************************************************************************************
Friday 18 March 2022  11:34:59 +0300 (0:00:00.752)       0:04:49.702 ********** 
changed: [tensor]

TASK [wordpress : Create a folder for wp] ********************************************************************************************************************************************
Friday 18 March 2022  11:35:00 +0300 (0:00:01.018)       0:04:50.720 ********** 
changed: [tensor]

TASK [wordpress : Download and extract Wordpress] ************************************************************************************************************************************
Friday 18 March 2022  11:35:00 +0300 (0:00:00.324)       0:04:51.045 ********** 
changed: [tensor]

TASK [wordpress : Copy Wordpress config file from templates to WP directory] *********************************************************************************************************
Friday 18 March 2022  11:35:10 +0300 (0:00:10.336)       0:05:01.382 ********** 
changed: [tensor]

TASK [wordpress : Recursively change owner's directory of WP] ************************************************************************************************************************
Friday 18 March 2022  11:35:11 +0300 (0:00:00.525)       0:05:01.907 ********** 
changed: [tensor]

TASK [wordpress : Start php-fpm] *****************************************************************************************************************************************************
Friday 18 March 2022  11:35:13 +0300 (0:00:02.251)       0:05:04.159 ********** 
changed: [tensor]

TASK [wordpress : Restart nginx] *****************************************************************************************************************************************************
Friday 18 March 2022  11:35:14 +0300 (0:00:00.616)       0:05:04.775 ********** 
changed: [tensor]

RUNNING HANDLER [restart nginx] ******************************************************************************************************************************************************
Friday 18 March 2022  11:35:14 +0300 (0:00:00.457)       0:05:05.233 ********** 
changed: [tensor]

TASK [check web site from control server] ********************************************************************************************************************************************
Friday 18 March 2022  11:35:15 +0300 (0:00:00.534)       0:05:05.768 ********** 
ok: [tensor]

PLAY RECAP ***************************************************************************************************************************************************************************
tensor                     : ok=44   changed=34   unreachable=0    failed=0    skipped=0    rescued=0    ignored=0   

Friday 18 March 2022  11:35:16 +0300 (0:00:00.787)       0:05:06.555 ********** 
=============================================================================== 
php-fpm : Install packages -------------------------------------------------------------------------------------------------------------------------------------------------- 147.43s
install nginx ---------------------------------------------------------------------------------------------------------------------------------------------------------------- 56.60s
Install 'mariadb-server' and 'MySQL-python' packages ------------------------------------------------------------------------------------------------------------------------- 30.99s
nginx : update packages ------------------------------------------------------------------------------------------------------------------------------------------------------ 24.24s
wordpress : Download and extract Wordpress ----------------------------------------------------------------------------------------------------------------------------------- 10.34s
Ensure 'mariadb' service is started and enabled ------------------------------------------------------------------------------------------------------------------------------- 4.88s
nginx : Install openssl ------------------------------------------------------------------------------------------------------------------------------------------------------- 4.30s
wordpress : Recursively change owner's directory of WP ------------------------------------------------------------------------------------------------------------------------ 2.25s
nginx : Install the pyOpenSSL ------------------------------------------------------------------------------------------------------------------------------------------------- 1.96s
nginx : Generate an OpenSSL private key --------------------------------------------------------------------------------------------------------------------------------------- 1.43s
nginx : Generate a self-signed certificate ------------------------------------------------------------------------------------------------------------------------------------ 1.31s
ensure nginx is enabled and started ------------------------------------------------------------------------------------------------------------------------------------------- 1.24s
insert firewalld rule for nginx ----------------------------------------------------------------------------------------------------------------------------------------------- 1.13s
copy nginx.repo --------------------------------------------------------------------------------------------------------------------------------------------------------------- 1.11s
wordpress : Create a wp user -------------------------------------------------------------------------------------------------------------------------------------------------- 1.02s
nginx : Generate CSR ---------------------------------------------------------------------------------------------------------------------------------------------------------- 0.97s
copy default nginx config file ------------------------------------------------------------------------------------------------------------------------------------------------ 0.84s
mariadb : Create database user "{{ db_user }}" with "{{ db_pass }}" and "{{ db_name }}".*:ALL privelege ----------------------------------------------------------------------- 0.79s
check web site from control server -------------------------------------------------------------------------------------------------------------------------------------------- 0.79s
mariadb : open tcp-3306 on firewalld ------------------------------------------------------------------------------------------------------------------------------------------ 0.78s
